# JRE version: Java(TM) SE Runtime Environment (21.0.3+7) (build 21.0.3+7-LTS-152)
# Java VM: Java HotSpot(TM) 64-Bit Server VM (21.0.3+7-LTS-152, mixed mode, sharing, tiered, compressed oops, compressed class ptrs, g1 gc, windows-amd64)
GC Precious Log:
 CardTable entry size: 512
 Card Set container configuration: InlinePtr #cards 5 size 8 Array Of Cards #cards 12 size 40 Howl #buckets 4 coarsen threshold 1843 Howl Bitmap #cards 512 size 80 coarsen threshold 460 Card regions per heap region 1 cards per card region 2048
 CPUs: 12 total, 12 available
 Memory: 6356M
 Large Page Support: Disabled
 NUMA Support: Disabled
 Compressed Oops: Enabled (32-bit)
 Heap Region Size: 1M
 Heap Min Capacity: 8M
 Heap Initial Capacity: 100M
 Heap Max Capacity: 1590M
 Pre-touch: Disabled
 Parallel Workers: 10
 Concurrent Workers: 3
 Concurrent Refinement Workers: 10
 Periodic GC: Disabled
Heap:
 garbage-first heap   total 56320K, used 35177K [0x000000009ca00000, 0x0000000100000000)
  region size 1024K, 17 young (17408K), 2 survivors (2048K)
 Metaspace       used 44645K, committed 45184K, reserved 1114112K
  class space    used 5682K, committed 5952K, reserved 1048576K
GC Heap History (16 events):
Event: 0.661 GC heap before
{Heap before GC invocations=0 (full 0):
 garbage-first heap   total 102400K, used 23552K [0x000000009ca00000, 0x0000000100000000)
  region size 1024K, 23 young (23552K), 0 survivors (0K)
 Metaspace       used 4897K, committed 5120K, reserved 1114112K
  class space    used 534K, committed 640K, reserved 1048576K
}
Event: 0.666 GC heap after
{Heap after GC invocations=1 (full 0):
 garbage-first heap   total 102400K, used 6384K [0x000000009ca00000, 0x0000000100000000)
  region size 1024K, 3 young (3072K), 3 survivors (3072K)
 Metaspace       used 4897K, committed 5120K, reserved 1114112K
  class space    used 534K, committed 640K, reserved 1048576K
}
Event: 1.049 GC heap before
{Heap before GC invocations=1 (full 0):
 garbage-first heap   total 102400K, used 36080K [0x000000009ca00000, 0x0000000100000000)
  region size 1024K, 33 young (33792K), 3 survivors (3072K)
 Metaspace       used 11439K, committed 11776K, reserved 1114112K
  class space    used 1349K, committed 1536K, reserved 1048576K
}
Event: 1.052 GC heap after
{Heap after GC invocations=2 (full 0):
 garbage-first heap   total 102400K, used 8763K [0x000000009ca00000, 0x0000000100000000)
  region size 1024K, 3 young (3072K), 3 survivors (3072K)
 Metaspace       used 11439K, committed 11776K, reserved 1114112K
  class space    used 1349K, committed 1536K, reserved 1048576K
}
Event: 1.701 GC heap before
{Heap before GC invocations=2 (full 0):
 garbage-first heap   total 102400K, used 62011K [0x000000009ca00000, 0x0000000100000000)
  region size 1024K, 56 young (57344K), 3 survivors (3072K)
 Metaspace       used 19996K, committed 20224K, reserved 1114112K
  class space    used 2376K, committed 2496K, reserved 1048576K
}
Event: 1.706 GC heap after
{Heap after GC invocations=3 (full 0):
 garbage-first heap   total 102400K, used 13431K [0x000000009ca00000, 0x0000000100000000)
  region size 1024K, 7 young (7168K), 7 survivors (7168K)
 Metaspace       used 19996K, committed 20224K, reserved 1114112K
  class space    used 2376K, committed 2496K, reserved 1048576K
}
Event: 1.864 GC heap before
{Heap before GC invocations=3 (full 0):
 garbage-first heap   total 102400K, used 22647K [0x000000009ca00000, 0x0000000100000000)
  region size 1024K, 17 young (17408K), 7 survivors (7168K)
 Metaspace       used 21278K, committed 21504K, reserved 1114112K
  class space    used 2541K, committed 2624K, reserved 1048576K
}
Event: 1.868 GC heap after
{Heap after GC invocations=4 (full 0):
 garbage-first heap   total 102400K, used 14289K [0x000000009ca00000, 0x0000000100000000)
  region size 1024K, 1 young (1024K), 1 survivors (1024K)
 Metaspace       used 21278K, committed 21504K, reserved 1114112K
  class space    used 2541K, committed 2624K, reserved 1048576K
}
Event: 2.605 GC heap before
{Heap before GC invocations=5 (full 0):
 garbage-first heap   total 51200K, used 51153K [0x000000009ca00000, 0x0000000100000000)
  region size 1024K, 37 young (37888K), 1 survivors (1024K)
 Metaspace       used 27971K, committed 28416K, reserved 1114112K
  class space    used 3470K, committed 3648K, reserved 1048576K
}
Event: 2.608 GC heap after
{Heap after GC invocations=6 (full 0):
 garbage-first heap   total 56320K, used 17516K [0x000000009ca00000, 0x0000000100000000)
  region size 1024K, 5 young (5120K), 5 survivors (5120K)
 Metaspace       used 27971K, committed 28416K, reserved 1114112K
  class space    used 3470K, committed 3648K, reserved 1048576K
}
Event: 2.983 GC heap before
{Heap before GC invocations=6 (full 0):
 garbage-first heap   total 56320K, used 44140K [0x000000009ca00000, 0x0000000100000000)
  region size 1024K, 32 young (32768K), 5 survivors (5120K)
 Metaspace       used 33848K, committed 34368K, reserved 1114112K
  class space    used 4100K, committed 4352K, reserved 1048576K
}
Event: 2.987 GC heap after
{Heap after GC invocations=7 (full 0):
 garbage-first heap   total 56320K, used 19154K [0x000000009ca00000, 0x0000000100000000)
  region size 1024K, 2 young (2048K), 2 survivors (2048K)
 Metaspace       used 33848K, committed 34368K, reserved 1114112K
  class space    used 4100K, committed 4352K, reserved 1048576K
}
Event: 3.147 GC heap before
{Heap before GC invocations=7 (full 0):
 garbage-first heap   total 56320K, used 27346K [0x000000009ca00000, 0x0000000100000000)
  region size 1024K, 12 young (12288K), 2 survivors (2048K)
 Metaspace       used 35632K, committed 36096K, reserved 1114112K
  class space    used 4325K, committed 4544K, reserved 1048576K
}
Event: 3.150 GC heap after
{Heap after GC invocations=8 (full 0):
 garbage-first heap   total 56320K, used 19485K [0x000000009ca00000, 0x0000000100000000)
  region size 1024K, 3 young (3072K), 3 survivors (3072K)
 Metaspace       used 35632K, committed 36096K, reserved 1114112K
  class space    used 4325K, committed 4544K, reserved 1048576K
}
Event: 3.649 GC heap before
{Heap before GC invocations=9 (full 0):
 garbage-first heap   total 56320K, used 47133K [0x000000009ca00000, 0x0000000100000000)
  region size 1024K, 30 young (30720K), 3 survivors (3072K)
 Metaspace       used 41556K, committed 42112K, reserved 1114112K
  class space    used 5289K, committed 5504K, reserved 1048576K
}
Event: 3.651 GC heap after
{Heap after GC invocations=10 (full 0):
 garbage-first heap   total 56320K, used 20841K [0x000000009ca00000, 0x0000000100000000)
  region size 1024K, 2 young (2048K), 2 survivors (2048K)
 Metaspace       used 41556K, committed 42112K, reserved 1114112K
  class space    used 5289K, committed 5504K, reserved 1048576K
}

